  compilation header save succeeded; see C:\Users\Lenovo\Desktop\C++ Projects\Chess_Cpp\Engine\FramebufferPS.shh
  compilation header save succeeded; see C:\Users\Lenovo\Desktop\C++ Projects\Chess_Cpp\Engine\FramebufferVS.shh
  Bishop.cpp
  Board.cpp
  DXErr.cpp
  Game.cpp
  Graphics.cpp
  Keyboard.cpp
  King.cpp
  Knight.cpp
  Main.cpp
  MainWindow.cpp
  Mouse.cpp
  Pawn.cpp
C:\Users\Lenovo\Desktop\C++ Projects\Chess_Cpp\Engine\Board.cpp(793,13): warning C4244: 'argument': conversion from 'time_t' to 'unsigned int', possible loss of data
  Piece.cpp
  Queen.cpp
  Rook.cpp
  Surface.cpp
  Tests.cpp
  Engine.vcxproj -> C:\Users\Lenovo\Desktop\C++ Projects\Chess_Cpp\x64\Debug\Engine.exe
